<?xml version="1.0" encoding="UTF-8"?>
<!-- Generated by org.testng.reporters.JUnitXMLReporter -->
<testsuite hostname="DESKTOP-1QRBN7B" name="Default test" tests="3" failures="0" timestamp="25 Feb 2020 16:12:53 GMT" time="70.326" errors="0">
  <testcase name="searchProductAndPriceInAmazon" time="32.371" classname="com.zest.qa.testcases.CommonTest"/>
  <testcase name="searchProductAndPriceInFlipkart" time="14.895" classname="com.zest.qa.testcases.CommonTest"/>
  <testcase name="comparePrice" time="0.002" classname="com.zest.qa.testcases.CommonTest"/>
</testsuite> <!-- Default test -->
