<?xml version="1.0" encoding="UTF-8"?>
<testng-results skipped="0" failed="0" total="3" passed="3">
  <reporter-output>
  </reporter-output>
  <suite name="Default suite" duration-ms="70326" started-at="2020-02-25T16:11:43Z" finished-at="2020-02-25T16:12:53Z">
    <groups>
    </groups>
    <test name="Default test" duration-ms="70326" started-at="2020-02-25T16:11:43Z" finished-at="2020-02-25T16:12:53Z">
      <class name="com.zest.qa.testcases.CommonTest">
        <test-method status="PASS" signature="setup()[pri:0, instance:com.zest.qa.testcases.CommonTest@2aaf7cc2]" name="setup" is-config="true" duration-ms="7490" started-at="2020-02-25T21:41:43Z" finished-at="2020-02-25T21:41:51Z">
          <reporter-output>
          </reporter-output>
        </test-method> <!-- setup -->
        <test-method status="PASS" signature="searchProductAndPriceInAmazon()[pri:1, instance:com.zest.qa.testcases.CommonTest@2aaf7cc2]" name="searchProductAndPriceInAmazon" duration-ms="32371" started-at="2020-02-25T21:41:51Z" finished-at="2020-02-25T21:42:23Z">
          <reporter-output>
          </reporter-output>
        </test-method> <!-- searchProductAndPriceInAmazon -->
        <test-method status="PASS" signature="tearDown()[pri:0, instance:com.zest.qa.testcases.CommonTest@2aaf7cc2]" name="tearDown" is-config="true" duration-ms="1255" started-at="2020-02-25T21:42:23Z" finished-at="2020-02-25T21:42:24Z">
          <reporter-output>
          </reporter-output>
        </test-method> <!-- tearDown -->
        <test-method status="PASS" signature="setup()[pri:0, instance:com.zest.qa.testcases.CommonTest@2aaf7cc2]" name="setup" is-config="true" duration-ms="5907" started-at="2020-02-25T21:42:24Z" finished-at="2020-02-25T21:42:30Z">
          <reporter-output>
          </reporter-output>
        </test-method> <!-- setup -->
        <test-method status="PASS" signature="searchProductAndPriceInFlipkart()[pri:2, instance:com.zest.qa.testcases.CommonTest@2aaf7cc2]" name="searchProductAndPriceInFlipkart" duration-ms="14895" started-at="2020-02-25T21:42:30Z" finished-at="2020-02-25T21:42:45Z">
          <reporter-output>
          </reporter-output>
        </test-method> <!-- searchProductAndPriceInFlipkart -->
        <test-method status="PASS" signature="tearDown()[pri:0, instance:com.zest.qa.testcases.CommonTest@2aaf7cc2]" name="tearDown" is-config="true" duration-ms="1560" started-at="2020-02-25T21:42:45Z" finished-at="2020-02-25T21:42:47Z">
          <reporter-output>
          </reporter-output>
        </test-method> <!-- tearDown -->
        <test-method status="PASS" signature="setup()[pri:0, instance:com.zest.qa.testcases.CommonTest@2aaf7cc2]" name="setup" is-config="true" duration-ms="5876" started-at="2020-02-25T21:42:47Z" finished-at="2020-02-25T21:42:52Z">
          <reporter-output>
          </reporter-output>
        </test-method> <!-- setup -->
        <test-method status="PASS" signature="comparePrice()[pri:3, instance:com.zest.qa.testcases.CommonTest@2aaf7cc2]" name="comparePrice" duration-ms="2" started-at="2020-02-25T21:42:52Z" finished-at="2020-02-25T21:42:52Z">
          <reporter-output>
          </reporter-output>
        </test-method> <!-- comparePrice -->
        <test-method status="PASS" signature="tearDown()[pri:0, instance:com.zest.qa.testcases.CommonTest@2aaf7cc2]" name="tearDown" is-config="true" duration-ms="945" started-at="2020-02-25T21:42:52Z" finished-at="2020-02-25T21:42:53Z">
          <reporter-output>
          </reporter-output>
        </test-method> <!-- tearDown -->
      </class> <!-- com.zest.qa.testcases.CommonTest -->
    </test> <!-- Default test -->
  </suite> <!-- Default suite -->
</testng-results>
